<?xml version="1.0" encoding="UTF-8"?>
<testng-results ignored="0" total="2" passed="2" failed="0" skipped="0">
  <reporter-output>
  </reporter-output>
  <suite started-at="2021-02-17T07:30:02Z" name="Suite" finished-at="2021-02-17T07:30:18Z" duration-ms="16652">
    <groups>
    </groups>
    <test started-at="2021-02-17T07:30:02Z" name="Test" finished-at="2021-02-17T07:30:18Z" duration-ms="16652">
      <class name="TestScripts.DemoTest">
        <test-method is-config="true" signature="setup()[pri:0, instance:TestScripts.DemoTest@9597028]" started-at="2021-02-17T07:30:02Z" name="setup" finished-at="2021-02-17T07:30:07Z" duration-ms="5664" status="PASS">
          <reporter-output>
          </reporter-output>
        </test-method> <!-- setup -->
        <test-method signature="flightes(java.util.HashMap)[pri:0, instance:TestScripts.DemoTest@9597028]" started-at="2021-02-17T07:30:07Z" name="flightes" data-provider="getData" finished-at="2021-02-17T07:30:15Z" duration-ms="7622" status="PASS">
          <params>
            <param index="0">
              <value>
                <![CDATA[{destination=Pune (PNQ), origin=Hyderabad (HYD)}]]>
              </value>
            </param>
          </params>
          <reporter-output>
          </reporter-output>
        </test-method> <!-- flightes -->
        <test-method signature="flightes(java.util.HashMap)[pri:0, instance:TestScripts.DemoTest@9597028]" started-at="2021-02-17T07:30:15Z" name="flightes" data-provider="getData" finished-at="2021-02-17T07:30:18Z" duration-ms="2526" status="PASS">
          <params>
            <param index="0">
              <value>
                <![CDATA[{destination=Pune (PNQ), origin=Hyderabad (HYD)}]]>
              </value>
            </param>
          </params>
          <reporter-output>
          </reporter-output>
        </test-method> <!-- flightes -->
        <test-method is-config="true" signature="teardown()[pri:0, instance:TestScripts.DemoTest@9597028]" started-at="2021-02-17T07:30:18Z" name="teardown" finished-at="2021-02-17T07:30:18Z" duration-ms="658" status="PASS">
          <reporter-output>
          </reporter-output>
        </test-method> <!-- teardown -->
      </class> <!-- TestScripts.DemoTest -->
    </test> <!-- Test -->
  </suite> <!-- Suite -->
</testng-results>
